Total of 46 entries collected

12/19/2022 08:54:08
[08:54] (9-1) Share Buy-Back Transactions
http://edge.pse.com.ph/openDiscViewer.do?edge_no=fc9c62a94f5486d83470cea4b051ca8f

12/12/2022 08:43:33
[08:43] (9-1) Share Buy-Back Transactions
http://edge.pse.com.ph/openDiscViewer.do?edge_no=57f1f5adf3f734a13470cea4b051ca8f

12/06/2022 08:12:12
[08:12] (9-1) Share Buy-Back Transactions
http://edge.pse.com.ph/openDiscViewer.do?edge_no=4994301deb908e043470cea4b051ca8f

12/05/2022 08:52:20
[08:52] (9-1) Share Buy-Back Transactions
http://edge.pse.com.ph/openDiscViewer.do?edge_no=91d32d036942af043470cea4b051ca8f

12/01/2022 07:58:02
[07:57] (9-1) Share Buy-Back Transactions
http://edge.pse.com.ph/openDiscViewer.do?edge_no=5ec49c2217f8e0933470cea4b051ca8f

11/15/2022 08:05:04
[08:05] (9-1) Share Buy-Back Transactions
http://edge.pse.com.ph/openDiscViewer.do?edge_no=a3046294ad3a0d193470cea4b051ca8f

11/14/2022 08:24:20
[08:24] (9-1) Share Buy-Back Transactions
http://edge.pse.com.ph/openDiscViewer.do?edge_no=8e3d2f4d9de678733470cea4b051ca8f

11/10/2022 08:03:16
[08:03] (9-1) Share Buy-Back Transactions
http://edge.pse.com.ph/openDiscViewer.do?edge_no=9ef0efcdaa6ff6b43470cea4b051ca8f

11/09/2022 08:40:36
[08:40] (9-1) Share Buy-Back Transactions
http://edge.pse.com.ph/openDiscViewer.do?edge_no=59bf8c2051bf4e1a3470cea4b051ca8f

11/08/2022 08:17:28
[08:17] (9-1) Share Buy-Back Transactions
http://edge.pse.com.ph/openDiscViewer.do?edge_no=c325ea0113879e513470cea4b051ca8f

11/07/2022 08:16:16
[08:16] (9-1) Share Buy-Back Transactions
http://edge.pse.com.ph/openDiscViewer.do?edge_no=2b3d6353624c2c693470cea4b051ca8f

11/02/2022 08:34:33
[08:34] (9-1) Share Buy-Back Transactions
http://edge.pse.com.ph/openDiscViewer.do?edge_no=1975b15efd0e0f8c3470cea4b051ca8f

10/26/2022 07:54:48
[07:54] (9-1) Share Buy-Back Transactions
http://edge.pse.com.ph/openDiscViewer.do?edge_no=993342e9aace8a253470cea4b051ca8f

10/17/2022 08:24:42
[08:24] (9-1) Share Buy-Back Transactions
http://edge.pse.com.ph/openDiscViewer.do?edge_no=64be3727a902cc2d3470cea4b051ca8f

10/10/2022 08:57:47
[08:57] (9-1) Share Buy-Back Transactions
http://edge.pse.com.ph/openDiscViewer.do?edge_no=3da84a25bb320d9b3470cea4b051ca8f

10/07/2022 08:11:52
[08:11] (9-1) Share Buy-Back Transactions
http://edge.pse.com.ph/openDiscViewer.do?edge_no=9a0562de4012839a3470cea4b051ca8f

10/06/2022 07:38:42
[07:38] (9-1) Share Buy-Back Transactions
http://edge.pse.com.ph/openDiscViewer.do?edge_no=2706a5e90f6b618f3470cea4b051ca8f

10/03/2022 08:49:33
[08:49] (9-1) Share Buy-Back Transactions
http://edge.pse.com.ph/openDiscViewer.do?edge_no=3210c0b42334e3083470cea4b051ca8f

09/28/2022 08:52:06
[08:52] (9-1) [Amend-1]Share Buy-Back Transactions
http://edge.pse.com.ph/openDiscViewer.do?edge_no=dfd5fcc7d65036833470cea4b051ca8f

09/27/2022 07:41:09
[07:41] (9-1) Share Buy-Back Transactions
http://edge.pse.com.ph/openDiscViewer.do?edge_no=8cc24d48ad49cb043470cea4b051ca8f

09/19/2022 08:11:54
[08:11] (9-1) Share Buy-Back Transactions
http://edge.pse.com.ph/openDiscViewer.do?edge_no=8d45abdc9abc2d5f3470cea4b051ca8f

09/09/2022 08:16:25
[08:16] (9-1) Share Buy-Back Transactions
http://edge.pse.com.ph/openDiscViewer.do?edge_no=41181d3ddc85b72f3470cea4b051ca8f

09/07/2022 08:22:43
[08:22] (9-1) Share Buy-Back Transactions
http://edge.pse.com.ph/openDiscViewer.do?edge_no=47df0d0566b429703470cea4b051ca8f

09/02/2022 08:03:07
[08:03] (9-1) Share Buy-Back Transactions
http://edge.pse.com.ph/openDiscViewer.do?edge_no=67891530d2df41453470cea4b051ca8f

08/17/2022 08:00:30
[08:00] (9-1) Share Buy-Back Transactions
http://edge.pse.com.ph/openDiscViewer.do?edge_no=d8df4eabe2b1c4503470cea4b051ca8f

08/01/2022 08:04:42
[08:04] (9-1) Share Buy-Back Transactions
http://edge.pse.com.ph/openDiscViewer.do?edge_no=ef3c07e80196cf813470cea4b051ca8f

07/22/2022 08:11:19
[08:11] (9-1) Share Buy-Back Transactions
http://edge.pse.com.ph/openDiscViewer.do?edge_no=8e5b23890bede09d3470cea4b051ca8f

07/21/2022 08:05:23
[08:05] (9-1) Share Buy-Back Transactions
http://edge.pse.com.ph/openDiscViewer.do?edge_no=3509a3e3e1e883fa3470cea4b051ca8f

07/18/2022 08:09:54
[08:09] (9-1) Share Buy-Back Transactions
http://edge.pse.com.ph/openDiscViewer.do?edge_no=e2f46089dd9e86173470cea4b051ca8f

07/15/2022 08:17:34
[08:17] (9-1) Share Buy-Back Transactions
http://edge.pse.com.ph/openDiscViewer.do?edge_no=e399447406a7f7283470cea4b051ca8f

07/14/2022 08:29:32
[08:29] (9-1) Share Buy-Back Transactions
http://edge.pse.com.ph/openDiscViewer.do?edge_no=cc55a80ac64a4c9b3470cea4b051ca8f

07/11/2022 07:52:42
[07:52] (9-1) Share Buy-Back Transactions
http://edge.pse.com.ph/openDiscViewer.do?edge_no=04799f7b0e2a42173470cea4b051ca8f

07/06/2022 08:05:58
[08:05] (9-1) Share Buy-Back Transactions
http://edge.pse.com.ph/openDiscViewer.do?edge_no=1091af7087f185b53470cea4b051ca8f

07/04/2022 07:55:39
[07:55] (9-1) Share Buy-Back Transactions
http://edge.pse.com.ph/openDiscViewer.do?edge_no=92f67bde7b4e37633470cea4b051ca8f

07/01/2022 08:20:34
[08:20] (9-1) Share Buy-Back Transactions
http://edge.pse.com.ph/openDiscViewer.do?edge_no=1cf002ab8d1661373470cea4b051ca8f

05/26/2022 08:01:53
[08:01] (9-1) Share Buy-Back Transactions
http://edge.pse.com.ph/openDiscViewer.do?edge_no=a15b42d7fcb8e2513470cea4b051ca8f

05/24/2022 08:09:43
[08:09] (9-1) Share Buy-Back Transactions
http://edge.pse.com.ph/openDiscViewer.do?edge_no=f979324378ae7daf3470cea4b051ca8f

05/23/2022 07:57:20
[07:57] (9-1) Share Buy-Back Transactions
http://edge.pse.com.ph/openDiscViewer.do?edge_no=eebbc70497bff0bf3470cea4b051ca8f

05/13/2022 07:57:48
[07:57] (9-1) Share Buy-Back Transactions
http://edge.pse.com.ph/openDiscViewer.do?edge_no=889fefbc903e6eea3470cea4b051ca8f

05/11/2022 08:07:55
[08:07] (9-1) Share Buy-Back Transactions
http://edge.pse.com.ph/openDiscViewer.do?edge_no=d9e2f7ebd3c64add3470cea4b051ca8f

05/02/2022 08:04:53
[08:04] (9-1) Share Buy-Back Transactions
http://edge.pse.com.ph/openDiscViewer.do?edge_no=1bd67c0de10adfdd3470cea4b051ca8f

04/29/2022 08:11:36
[08:11] (9-1) Share Buy-Back Transactions
http://edge.pse.com.ph/openDiscViewer.do?edge_no=55ac2ce240e0b1693470cea4b051ca8f

04/04/2022 08:11:07
[08:11] (9-1) Share Buy-Back Transactions
http://edge.pse.com.ph/openDiscViewer.do?edge_no=d7fb22aa04fe3e133470cea4b051ca8f

04/01/2022 08:02:27
[08:02] (9-1) Share Buy-Back Transactions
http://edge.pse.com.ph/openDiscViewer.do?edge_no=8d54c0bb61fd88343470cea4b051ca8f

03/29/2022 08:11:53
[08:11] (9-1) Share Buy-Back Transactions
http://edge.pse.com.ph/openDiscViewer.do?edge_no=1e712b1d5712a40e3470cea4b051ca8f

03/18/2022 08:09:55
[08:09] (9-1) Share Buy-Back Transactions
http://edge.pse.com.ph/openDiscViewer.do?edge_no=abb4018cd0877d143470cea4b051ca8f

